<?xml version="1.0" encoding="UTF-8"?>
<!-- Generated by org.testng.reporters.JUnitXMLReporter -->
<testsuite ignored="2" hostname="BSBLRL-12693" failures="0" tests="1" name="BankingApp Test" time="46.416" errors="0" timestamp="30 Aug 2022 06:42:43 GMT">
  <testcase classname="com.ebanking.testcases.TC_addnewcustomer_003" name="createNewCustomer" time="35.103"/>
  <testcase classname="com.ebanking.testcases.TC_logintestcase_001" name="logintest" time="0.0">
    <ignored/>
  </testcase> <!-- logintest -->
  <testcase classname="com.ebanking.testcases.TC_DDT_002" name="DDT_on_login" time="0.0">
    <ignored/>
  </testcase> <!-- DDT_on_login -->
</testsuite> <!-- BankingApp Test -->
