<?xml version="1.0" encoding="UTF-8"?>
<!-- Generated by org.testng.reporters.JUnitXMLReporter -->
<testsuite ignored="6" hostname="BSBLRL-12693" failures="0" tests="1" name="BankingAppTest on edge" time="45.205" errors="0" timestamp="30 Aug 2022 06:56:16 GMT">
  <testcase classname="com.ebanking.testcases.TC_addnewcustomer_003" name="createNewCustomer" time="35.068"/>
  <testcase classname="com.ebanking.generics.BaseClass" name="@BeforeTest setUP" time="0.0">
    <ignored/>
  </testcase> <!-- @BeforeTest setUP -->
  <testcase classname="com.ebanking.generics.BaseClass" name="@BeforeTest setUP" time="0.0">
    <ignored/>
  </testcase> <!-- @BeforeTest setUP -->
  <testcase classname="com.ebanking.testcases.TC_logintestcase_001" name="logintest" time="0.0">
    <ignored/>
  </testcase> <!-- logintest -->
  <testcase classname="com.ebanking.generics.BaseClass" name="@AfterTest tearDown" time="0.0">
    <ignored/>
  </testcase> <!-- @AfterTest tearDown -->
  <testcase classname="com.ebanking.generics.BaseClass" name="@AfterTest tearDown" time="0.0">
    <ignored/>
  </testcase> <!-- @AfterTest tearDown -->
  <testcase classname="com.ebanking.testcases.TC_DDT_002" name="DDT_on_login" time="0.0">
    <ignored/>
  </testcase> <!-- DDT_on_login -->
</testsuite> <!-- BankingAppTest on edge -->
