<?xml version="1.0" encoding="UTF-8"?>
<!-- Generated by org.testng.reporters.JUnitXMLReporter -->
<testsuite ignored="10" hostname="BSBLRL-12693" failures="0" tests="1" name="BankingAppTest on chrome" time="24.242" errors="0" timestamp="02 Sep 2022 11:56:33 GMT">
  <testcase classname="com.ebanking.testcases.TC_EditCustomer_004" name="testEditCustomer" time="12.308"/>
  <testcase classname="com.ebanking.generics.BaseClass" name="@BeforeTest setUP" time="0.0">
    <ignored/>
  </testcase> <!-- @BeforeTest setUP -->
  <testcase classname="com.ebanking.generics.BaseClass" name="@BeforeTest setUP" time="0.0">
    <ignored/>
  </testcase> <!-- @BeforeTest setUP -->
  <testcase classname="com.ebanking.generics.BaseClass" name="@BeforeTest setUP" time="0.0">
    <ignored/>
  </testcase> <!-- @BeforeTest setUP -->
  <testcase classname="com.ebanking.testcases.TC_addnewcustomer_003" name="createNewCustomer" time="0.0">
    <ignored/>
  </testcase> <!-- createNewCustomer -->
  <testcase classname="com.ebanking.testcases.TC_logintestcase_001" name="logintest" time="0.0">
    <ignored/>
  </testcase> <!-- logintest -->
  <testcase classname="com.ebanking.generics.BaseClass" name="@AfterTest tearDown" time="0.0">
    <ignored/>
  </testcase> <!-- @AfterTest tearDown -->
  <testcase classname="com.ebanking.generics.BaseClass" name="@AfterTest tearDown" time="0.0">
    <ignored/>
  </testcase> <!-- @AfterTest tearDown -->
  <testcase classname="com.ebanking.generics.BaseClass" name="@AfterTest tearDown" time="0.0">
    <ignored/>
  </testcase> <!-- @AfterTest tearDown -->
  <testcase classname="com.ebanking.testcases.TC_EditCustomer_004" name="testDeleteCustomer" time="0.0">
    <ignored/>
  </testcase> <!-- testDeleteCustomer -->
  <testcase classname="com.ebanking.testcases.TC_DDT_002" name="DDT_on_login" time="0.0">
    <ignored/>
  </testcase> <!-- DDT_on_login -->
</testsuite> <!-- BankingAppTest on chrome -->
