<?xml version="1.0" encoding="UTF-8"?>
<!-- Generated by org.testng.reporters.JUnitXMLReporter -->
<testsuite ignored="0" hostname="BSBLRL-12693" failures="0" tests="5" name="BankingApp Test" time="54.613" errors="0" timestamp="26 Aug 2022 10:55:53 GMT">
  <testcase classname="com.ebanking.testcases.TC_DDT_002" name="DDT_on_login" time="11.893"/>
  <testcase classname="com.ebanking.testcases.TC_DDT_002" name="DDT_on_login" time="5.861"/>
  <testcase classname="com.ebanking.testcases.TC_DDT_002" name="DDT_on_login" time="8.192"/>
  <testcase classname="com.ebanking.testcases.TC_DDT_002" name="DDT_on_login" time="9.885"/>
  <testcase classname="com.ebanking.testcases.TC_DDT_002" name="DDT_on_login" time="7.539"/>
</testsuite> <!-- BankingApp Test -->
