<?xml version="1.0" encoding="UTF-8"?>
<testng-results ignored="10" total="11" passed="1" failed="0" skipped="0">
  <reporter-output>
  </reporter-output>
  <suite started-at="2022-09-02T11:56:09Z" name="InetBanking" finished-at="2022-09-02T11:56:33Z" duration-ms="24242">
    <groups>
      <group name="EditTest">
        <method signature="TC_EditCustomer_004.testEditCustomer()[pri:0, instance:com.ebanking.testcases.TC_EditCustomer_004@7922d892]" name="testEditCustomer" class="com.ebanking.testcases.TC_EditCustomer_004"/>
      </group> <!-- EditTest -->
    </groups>
    <test started-at="2022-09-02T11:56:09Z" name="BankingAppTest on chrome" finished-at="2022-09-02T11:56:33Z" duration-ms="24242">
      <class name="com.ebanking.testcases.TC_logintestcase_001">
        <test-method is-config="true" signature="setUP(java.lang.String)[pri:0, instance:com.ebanking.testcases.TC_logintestcase_001@69f1a286]" started-at="2022-09-02T11:56:09Z" name="setUP" finished-at="2022-09-02T11:56:21Z" duration-ms="11530" status="PASS">
          <params>
            <param index="0">
              <value>
                <![CDATA[chrome]]>
              </value>
            </param>
          </params>
          <reporter-output>
          </reporter-output>
        </test-method> <!-- setUP -->
        <test-method is-config="true" signature="tearDown()[pri:0, instance:com.ebanking.testcases.TC_logintestcase_001@69f1a286]" started-at="2022-09-02T11:56:33Z" name="tearDown" finished-at="2022-09-02T11:56:33Z" duration-ms="133" status="PASS">
          <reporter-output>
          </reporter-output>
        </test-method> <!-- tearDown -->
      </class> <!-- com.ebanking.testcases.TC_logintestcase_001 -->
      <class name="com.ebanking.testcases.TC_EditCustomer_004">
        <test-method signature="testEditCustomer()[pri:0, instance:com.ebanking.testcases.TC_EditCustomer_004@7922d892]" started-at="2022-09-02T11:56:21Z" name="testEditCustomer" finished-at="2022-09-02T11:56:33Z" duration-ms="12308" status="PASS">
          <reporter-output>
          </reporter-output>
        </test-method> <!-- testEditCustomer -->
      </class> <!-- com.ebanking.testcases.TC_EditCustomer_004 -->
    </test> <!-- BankingAppTest on chrome -->
  </suite> <!-- InetBanking -->
</testng-results>
